{"E:\\Node\\course-project\\index.js": {"path":"E:\\Node\\course-project\\index.js","statementMap":{"0":{"start":{"line":1,"column":16},"end":{"line":1,"column":34}},"1":{"start":{"line":3,"column":12},"end":{"line":3,"column":21}},"2":{"start":{"line":6,"column":0},"end":{"line":6,"column":31}},"3":{"start":{"line":7,"column":0},"end":{"line":7,"column":33}},"4":{"start":{"line":8,"column":0},"end":{"line":8,"column":26}},"5":{"start":{"line":9,"column":0},"end":{"line":9,"column":30}},"6":{"start":{"line":14,"column":13},"end":{"line":14,"column":17}},"7":{"start":{"line":15,"column":15},"end":{"line":17,"column":2}},"8":{"start":{"line":16,"column":4},"end":{"line":16,"column":78}},"9":{"start":{"line":19,"column":0},"end":{"line":19,"column":24}}},"fnMap":{"0":{"name":"(anonymous_0)","decl":{"start":{"line":15,"column":31},"end":{"line":15,"column":32}},"loc":{"start":{"line":15,"column":41},"end":{"line":17,"column":1}},"line":15}},"branchMap":{},"s":{"0":1,"1":1,"2":1,"3":1,"4":1,"5":1,"6":1,"7":1,"8":1,"9":1},"f":{"0":1},"b":{},"_coverageSchema":"1a1c01bbd47fc00a2c39e90264f33305004495a9","hash":"f4f287a6d5386334a84679fffea98d0337e80c63"}
,"E:\\Node\\course-project\\middlewire\\isAdmin.js": {"path":"E:\\Node\\course-project\\middlewire\\isAdmin.js","statementMap":{"0":{"start":{"line":2,"column":0},"end":{"line":7,"column":1}},"1":{"start":{"line":5,"column":4},"end":{"line":5,"column":73}},"2":{"start":{"line":5,"column":26},"end":{"line":5,"column":73}},"3":{"start":{"line":6,"column":4},"end":{"line":6,"column":11}}},"fnMap":{"0":{"name":"(anonymous_0)","decl":{"start":{"line":2,"column":17},"end":{"line":2,"column":18}},"loc":{"start":{"line":2,"column":33},"end":{"line":7,"column":1}},"line":2}},"branchMap":{"0":{"loc":{"start":{"line":5,"column":4},"end":{"line":5,"column":73}},"type":"if","locations":[{"start":{"line":5,"column":4},"end":{"line":5,"column":73}},{"start":{"line":5,"column":4},"end":{"line":5,"column":73}}],"line":5}},"s":{"0":1,"1":0,"2":0,"3":0},"f":{"0":0},"b":{"0":[0,0]},"_coverageSchema":"1a1c01bbd47fc00a2c39e90264f33305004495a9","hash":"e90cdaeaf4a354dd16ca9a7cd1dbe70084a9d741"}
,"E:\\Node\\course-project\\middlewire\\logger.js": {"path":"E:\\Node\\course-project\\middlewire\\logger.js","statementMap":{"0":{"start":{"line":1,"column":16},"end":{"line":1,"column":34}},"1":{"start":{"line":2,"column":0},"end":{"line":14,"column":1}},"2":{"start":{"line":5,"column":4},"end":{"line":5,"column":41}},"3":{"start":{"line":13,"column":4},"end":{"line":13,"column":50}}},"fnMap":{"0":{"name":"(anonymous_0)","decl":{"start":{"line":2,"column":17},"end":{"line":2,"column":18}},"loc":{"start":{"line":2,"column":43},"end":{"line":14,"column":1}},"line":2}},"branchMap":{},"s":{"0":1,"1":1,"2":0,"3":0},"f":{"0":0},"b":{},"_coverageSchema":"1a1c01bbd47fc00a2c39e90264f33305004495a9","hash":"85ed1b5997f8d1bdfb090411e3711c0dd54a2e7b"}
,"E:\\Node\\course-project\\middlewire\\requireLogin.js": {"path":"E:\\Node\\course-project\\middlewire\\requireLogin.js","statementMap":{"0":{"start":{"line":1,"column":13},"end":{"line":1,"column":36}},"1":{"start":{"line":2,"column":15},"end":{"line":2,"column":32}},"2":{"start":{"line":4,"column":0},"end":{"line":18,"column":1}},"3":{"start":{"line":6,"column":18},"end":{"line":6,"column":45}},"4":{"start":{"line":7,"column":4},"end":{"line":7,"column":73}},"5":{"start":{"line":7,"column":16},"end":{"line":7,"column":73}},"6":{"start":{"line":9,"column":4},"end":{"line":16,"column":5}},"7":{"start":{"line":10,"column":23},"end":{"line":10,"column":69}},"8":{"start":{"line":12,"column":8},"end":{"line":12,"column":26}},"9":{"start":{"line":13,"column":8},"end":{"line":13,"column":15}},"10":{"start":{"line":15,"column":8},"end":{"line":15,"column":58}}},"fnMap":{"0":{"name":"(anonymous_0)","decl":{"start":{"line":4,"column":17},"end":{"line":4,"column":18}},"loc":{"start":{"line":4,"column":35},"end":{"line":18,"column":1}},"line":4}},"branchMap":{"0":{"loc":{"start":{"line":7,"column":4},"end":{"line":7,"column":73}},"type":"if","locations":[{"start":{"line":7,"column":4},"end":{"line":7,"column":73}},{"start":{"line":7,"column":4},"end":{"line":7,"column":73}}],"line":7}},"s":{"0":2,"1":2,"2":2,"3":5,"4":5,"5":1,"6":4,"7":4,"8":4,"9":4,"10":0},"f":{"0":5},"b":{"0":[1,4]},"_coverageSchema":"1a1c01bbd47fc00a2c39e90264f33305004495a9","hash":"8337fac528a39f530c0c7d52b932581da5317bbe"}
,"E:\\Node\\course-project\\middlewire\\validateObjectId.js": {"path":"E:\\Node\\course-project\\middlewire\\validateObjectId.js","statementMap":{"0":{"start":{"line":1,"column":11},"end":{"line":1,"column":30}},"1":{"start":{"line":3,"column":0},"end":{"line":8,"column":1}},"2":{"start":{"line":4,"column":20},"end":{"line":4,"column":60}},"3":{"start":{"line":5,"column":4},"end":{"line":5,"column":65}},"4":{"start":{"line":5,"column":18},"end":{"line":5,"column":65}},"5":{"start":{"line":7,"column":4},"end":{"line":7,"column":11}}},"fnMap":{"0":{"name":"(anonymous_0)","decl":{"start":{"line":3,"column":17},"end":{"line":3,"column":18}},"loc":{"start":{"line":3,"column":41},"end":{"line":8,"column":1}},"line":3}},"branchMap":{"0":{"loc":{"start":{"line":5,"column":4},"end":{"line":5,"column":65}},"type":"if","locations":[{"start":{"line":5,"column":4},"end":{"line":5,"column":65}},{"start":{"line":5,"column":4},"end":{"line":5,"column":65}}],"line":5}},"s":{"0":1,"1":1,"2":3,"3":3,"4":1,"5":2},"f":{"0":3},"b":{"0":[1,2]},"_coverageSchema":"1a1c01bbd47fc00a2c39e90264f33305004495a9","hash":"2c4d7ef990292db755c5e6d26478a53345dbecd6"}
,"E:\\Node\\course-project\\models\\authorModel.js": {"path":"E:\\Node\\course-project\\models\\authorModel.js","statementMap":{"0":{"start":{"line":1,"column":12},"end":{"line":1,"column":31}},"1":{"start":{"line":2,"column":12},"end":{"line":2,"column":26}},"2":{"start":{"line":4,"column":22},"end":{"line":17,"column":2}},"3":{"start":{"line":19,"column":15},"end":{"line":19,"column":50}},"4":{"start":{"line":24,"column":19},"end":{"line":28,"column":6}},"5":{"start":{"line":30,"column":4},"end":{"line":30,"column":36}},"6":{"start":{"line":35,"column":0},"end":{"line":35,"column":24}},"7":{"start":{"line":36,"column":0},"end":{"line":36,"column":34}},"8":{"start":{"line":37,"column":0},"end":{"line":37,"column":36}}},"fnMap":{"0":{"name":"validateAuthor","decl":{"start":{"line":23,"column":9},"end":{"line":23,"column":23}},"loc":{"start":{"line":23,"column":31},"end":{"line":32,"column":1}},"line":23}},"branchMap":{},"s":{"0":1,"1":1,"2":1,"3":1,"4":0,"5":0,"6":1,"7":1,"8":1},"f":{"0":0},"b":{},"_coverageSchema":"1a1c01bbd47fc00a2c39e90264f33305004495a9","hash":"afbe7754a4e365741398ff23b76e4abac82e8a3e"}
,"E:\\Node\\course-project\\models\\courseModel.js": {"path":"E:\\Node\\course-project\\models\\courseModel.js","statementMap":{"0":{"start":{"line":1,"column":11},"end":{"line":1,"column":30}},"1":{"start":{"line":3,"column":13},"end":{"line":3,"column":27}},"2":{"start":{"line":4,"column":25},"end":{"line":4,"column":49}},"3":{"start":{"line":6,"column":15},"end":{"line":25,"column":3}},"4":{"start":{"line":21,"column":17},"end":{"line":21,"column":30}},"5":{"start":{"line":22,"column":17},"end":{"line":22,"column":30}},"6":{"start":{"line":30,"column":19},"end":{"line":36,"column":6}},"7":{"start":{"line":38,"column":4},"end":{"line":38,"column":36}},"8":{"start":{"line":42,"column":0},"end":{"line":42,"column":24}},"9":{"start":{"line":43,"column":0},"end":{"line":43,"column":34}}},"fnMap":{"0":{"name":"(anonymous_0)","decl":{"start":{"line":21,"column":13},"end":{"line":21,"column":14}},"loc":{"start":{"line":21,"column":17},"end":{"line":21,"column":30}},"line":21},"1":{"name":"(anonymous_1)","decl":{"start":{"line":22,"column":13},"end":{"line":22,"column":14}},"loc":{"start":{"line":22,"column":17},"end":{"line":22,"column":30}},"line":22},"2":{"name":"validateCourse","decl":{"start":{"line":29,"column":9},"end":{"line":29,"column":23}},"loc":{"start":{"line":29,"column":31},"end":{"line":39,"column":1}},"line":29}},"branchMap":{},"s":{"0":1,"1":1,"2":1,"3":1,"4":0,"5":3,"6":3,"7":3,"8":1,"9":1},"f":{"0":0,"1":3,"2":3},"b":{},"_coverageSchema":"1a1c01bbd47fc00a2c39e90264f33305004495a9","hash":"b2ec506abc14689835033789c140c9dedbed5d31"}
,"E:\\Node\\course-project\\models\\userModel.js": {"path":"E:\\Node\\course-project\\models\\userModel.js","statementMap":{"0":{"start":{"line":1,"column":11},"end":{"line":1,"column":30}},"1":{"start":{"line":2,"column":12},"end":{"line":2,"column":35}},"2":{"start":{"line":3,"column":15},"end":{"line":3,"column":32}},"3":{"start":{"line":4,"column":12},"end":{"line":4,"column":26}},"4":{"start":{"line":5,"column":19},"end":{"line":19,"column":2}},"5":{"start":{"line":23,"column":0},"end":{"line":26,"column":1}},"6":{"start":{"line":24,"column":18},"end":{"line":24,"column":92}},"7":{"start":{"line":25,"column":4},"end":{"line":25,"column":17}},"8":{"start":{"line":29,"column":13},"end":{"line":29,"column":44}},"9":{"start":{"line":32,"column":19},"end":{"line":37,"column":6}},"10":{"start":{"line":38,"column":4},"end":{"line":38,"column":34}},"11":{"start":{"line":43,"column":19},"end":{"line":46,"column":6}},"12":{"start":{"line":47,"column":4},"end":{"line":47,"column":34}},"13":{"start":{"line":51,"column":0},"end":{"line":51,"column":27}},"14":{"start":{"line":52,"column":0},"end":{"line":52,"column":35}},"15":{"start":{"line":53,"column":0},"end":{"line":53,"column":45}}},"fnMap":{"0":{"name":"(anonymous_0)","decl":{"start":{"line":23,"column":39},"end":{"line":23,"column":40}},"loc":{"start":{"line":23,"column":50},"end":{"line":26,"column":1}},"line":23},"1":{"name":"validate","decl":{"start":{"line":31,"column":9},"end":{"line":31,"column":17}},"loc":{"start":{"line":31,"column":23},"end":{"line":40,"column":1}},"line":31},"2":{"name":"validateLogin","decl":{"start":{"line":42,"column":9},"end":{"line":42,"column":22}},"loc":{"start":{"line":42,"column":28},"end":{"line":49,"column":1}},"line":42}},"branchMap":{},"s":{"0":2,"1":2,"2":2,"3":2,"4":2,"5":2,"6":4,"7":4,"8":2,"9":0,"10":0,"11":0,"12":0,"13":2,"14":2,"15":2},"f":{"0":4,"1":0,"2":0},"b":{},"_coverageSchema":"1a1c01bbd47fc00a2c39e90264f33305004495a9","hash":"7fe64228b13d2c904d387bba1ef2b67ae851a8b4"}
,"E:\\Node\\course-project\\routes\\auth.js": {"path":"E:\\Node\\course-project\\routes\\auth.js","statementMap":{"0":{"start":{"line":1,"column":15},"end":{"line":1,"column":32}},"1":{"start":{"line":2,"column":29},"end":{"line":2,"column":59}},"2":{"start":{"line":3,"column":16},"end":{"line":3,"column":34}},"3":{"start":{"line":4,"column":15},"end":{"line":4,"column":31}},"4":{"start":{"line":6,"column":0},"end":{"line":20,"column":2}},"5":{"start":{"line":7,"column":20},"end":{"line":7,"column":43}},"6":{"start":{"line":8,"column":4},"end":{"line":8,"column":68}},"7":{"start":{"line":8,"column":14},"end":{"line":8,"column":68}},"8":{"start":{"line":11,"column":15},"end":{"line":11,"column":57}},"9":{"start":{"line":12,"column":4},"end":{"line":12,"column":79}},"10":{"start":{"line":12,"column":14},"end":{"line":12,"column":79}},"11":{"start":{"line":14,"column":20},"end":{"line":14,"column":74}},"12":{"start":{"line":15,"column":4},"end":{"line":15,"column":80}},"13":{"start":{"line":15,"column":16},"end":{"line":15,"column":80}},"14":{"start":{"line":17,"column":18},"end":{"line":17,"column":42}},"15":{"start":{"line":19,"column":4},"end":{"line":19,"column":58}},"16":{"start":{"line":24,"column":0},"end":{"line":24,"column":24}}},"fnMap":{"0":{"name":"(anonymous_0)","decl":{"start":{"line":6,"column":16},"end":{"line":6,"column":17}},"loc":{"start":{"line":6,"column":33},"end":{"line":20,"column":1}},"line":6}},"branchMap":{"0":{"loc":{"start":{"line":8,"column":4},"end":{"line":8,"column":68}},"type":"if","locations":[{"start":{"line":8,"column":4},"end":{"line":8,"column":68}},{"start":{"line":8,"column":4},"end":{"line":8,"column":68}}],"line":8},"1":{"loc":{"start":{"line":12,"column":4},"end":{"line":12,"column":79}},"type":"if","locations":[{"start":{"line":12,"column":4},"end":{"line":12,"column":79}},{"start":{"line":12,"column":4},"end":{"line":12,"column":79}}],"line":12},"2":{"loc":{"start":{"line":15,"column":4},"end":{"line":15,"column":80}},"type":"if","locations":[{"start":{"line":15,"column":4},"end":{"line":15,"column":80}},{"start":{"line":15,"column":4},"end":{"line":15,"column":80}}],"line":15}},"s":{"0":1,"1":1,"2":1,"3":1,"4":1,"5":0,"6":0,"7":0,"8":0,"9":0,"10":0,"11":0,"12":0,"13":0,"14":0,"15":0,"16":1},"f":{"0":0},"b":{"0":[0,0],"1":[0,0],"2":[0,0]},"_coverageSchema":"1a1c01bbd47fc00a2c39e90264f33305004495a9","hash":"80e51af3822373f605635d892502d4d02a222529"}
,"E:\\Node\\course-project\\routes\\authors.js": {"path":"E:\\Node\\course-project\\routes\\authors.js","statementMap":{"0":{"start":{"line":1,"column":21},"end":{"line":1,"column":58}},"1":{"start":{"line":2,"column":28},"end":{"line":2,"column":60}},"2":{"start":{"line":3,"column":16},"end":{"line":3,"column":34}},"3":{"start":{"line":4,"column":15},"end":{"line":4,"column":31}},"4":{"start":{"line":6,"column":0},"end":{"line":9,"column":2}},"5":{"start":{"line":7,"column":19},"end":{"line":7,"column":38}},"6":{"start":{"line":8,"column":4},"end":{"line":8,"column":20}},"7":{"start":{"line":12,"column":0},"end":{"line":25,"column":2}},"8":{"start":{"line":13,"column":20},"end":{"line":13,"column":38}},"9":{"start":{"line":14,"column":4},"end":{"line":14,"column":66}},"10":{"start":{"line":14,"column":14},"end":{"line":14,"column":66}},"11":{"start":{"line":17,"column":22},"end":{"line":21,"column":6}},"12":{"start":{"line":23,"column":23},"end":{"line":23,"column":45}},"13":{"start":{"line":24,"column":4},"end":{"line":24,"column":25}},"14":{"start":{"line":28,"column":0},"end":{"line":28,"column":23}}},"fnMap":{"0":{"name":"(anonymous_0)","decl":{"start":{"line":6,"column":30},"end":{"line":6,"column":31}},"loc":{"start":{"line":6,"column":47},"end":{"line":9,"column":1}},"line":6},"1":{"name":"(anonymous_1)","decl":{"start":{"line":12,"column":31},"end":{"line":12,"column":32}},"loc":{"start":{"line":12,"column":48},"end":{"line":25,"column":1}},"line":12}},"branchMap":{"0":{"loc":{"start":{"line":14,"column":4},"end":{"line":14,"column":66}},"type":"if","locations":[{"start":{"line":14,"column":4},"end":{"line":14,"column":66}},{"start":{"line":14,"column":4},"end":{"line":14,"column":66}}],"line":14}},"s":{"0":1,"1":1,"2":1,"3":1,"4":1,"5":0,"6":0,"7":1,"8":0,"9":0,"10":0,"11":0,"12":0,"13":0,"14":1},"f":{"0":0,"1":0},"b":{"0":[0,0]},"_coverageSchema":"1a1c01bbd47fc00a2c39e90264f33305004495a9","hash":"ae957f238a4e55ef39ddd1968166e664bdc2bafb"}
,"E:\\Node\\course-project\\routes\\courses.js": {"path":"E:\\Node\\course-project\\routes\\courses.js","statementMap":{"0":{"start":{"line":1,"column":22},"end":{"line":1,"column":63}},"1":{"start":{"line":4,"column":29},"end":{"line":4,"column":61}},"2":{"start":{"line":5,"column":21},"end":{"line":5,"column":58}},"3":{"start":{"line":6,"column":16},"end":{"line":6,"column":48}},"4":{"start":{"line":9,"column":16},"end":{"line":9,"column":34}},"5":{"start":{"line":10,"column":19},"end":{"line":10,"column":51}},"6":{"start":{"line":11,"column":21},"end":{"line":11,"column":40}},"7":{"start":{"line":12,"column":15},"end":{"line":12,"column":31}},"8":{"start":{"line":15,"column":0},"end":{"line":22,"column":3}},"9":{"start":{"line":18,"column":20},"end":{"line":20,"column":17}},"10":{"start":{"line":21,"column":4},"end":{"line":21,"column":22}},"11":{"start":{"line":25,"column":0},"end":{"line":32,"column":3}},"12":{"start":{"line":28,"column":17},"end":{"line":28,"column":53}},"13":{"start":{"line":29,"column":4},"end":{"line":29,"column":74}},"14":{"start":{"line":29,"column":16},"end":{"line":29,"column":74}},"15":{"start":{"line":31,"column":4},"end":{"line":31,"column":21}},"16":{"start":{"line":35,"column":0},"end":{"line":53,"column":3}},"17":{"start":{"line":37,"column":19},"end":{"line":37,"column":37}},"18":{"start":{"line":39,"column":4},"end":{"line":39,"column":68}},"19":{"start":{"line":39,"column":14},"end":{"line":39,"column":68}},"20":{"start":{"line":42,"column":20},"end":{"line":49,"column":6}},"21":{"start":{"line":51,"column":4},"end":{"line":51,"column":39}},"22":{"start":{"line":52,"column":4},"end":{"line":52,"column":24}},"23":{"start":{"line":57,"column":0},"end":{"line":80,"column":3}},"24":{"start":{"line":64,"column":19},"end":{"line":64,"column":37}},"25":{"start":{"line":65,"column":4},"end":{"line":65,"column":68}},"26":{"start":{"line":65,"column":14},"end":{"line":65,"column":68}},"27":{"start":{"line":68,"column":20},"end":{"line":68,"column":65}},"28":{"start":{"line":69,"column":4},"end":{"line":69,"column":72}},"29":{"start":{"line":69,"column":16},"end":{"line":69,"column":72}},"30":{"start":{"line":72,"column":4},"end":{"line":72,"column":32}},"31":{"start":{"line":73,"column":4},"end":{"line":73,"column":36}},"32":{"start":{"line":74,"column":4},"end":{"line":74,"column":32}},"33":{"start":{"line":75,"column":4},"end":{"line":75,"column":34}},"34":{"start":{"line":76,"column":4},"end":{"line":76,"column":42}},"35":{"start":{"line":78,"column":19},"end":{"line":78,"column":38}},"36":{"start":{"line":79,"column":4},"end":{"line":79,"column":21}},"37":{"start":{"line":83,"column":0},"end":{"line":89,"column":3}},"38":{"start":{"line":85,"column":17},"end":{"line":85,"column":62}},"39":{"start":{"line":86,"column":4},"end":{"line":86,"column":74}},"40":{"start":{"line":86,"column":16},"end":{"line":86,"column":74}},"41":{"start":{"line":87,"column":4},"end":{"line":87,"column":21}},"42":{"start":{"line":92,"column":0},"end":{"line":92,"column":23}}},"fnMap":{"0":{"name":"(anonymous_0)","decl":{"start":{"line":15,"column":17},"end":{"line":15,"column":18}},"loc":{"start":{"line":15,"column":34},"end":{"line":22,"column":1}},"line":15},"1":{"name":"(anonymous_1)","decl":{"start":{"line":25,"column":34},"end":{"line":25,"column":35}},"loc":{"start":{"line":25,"column":51},"end":{"line":32,"column":1}},"line":25},"2":{"name":"(anonymous_2)","decl":{"start":{"line":35,"column":31},"end":{"line":35,"column":32}},"loc":{"start":{"line":35,"column":48},"end":{"line":53,"column":1}},"line":35},"3":{"name":"(anonymous_3)","decl":{"start":{"line":57,"column":19},"end":{"line":57,"column":20}},"loc":{"start":{"line":57,"column":36},"end":{"line":80,"column":1}},"line":57},"4":{"name":"(anonymous_4)","decl":{"start":{"line":83,"column":22},"end":{"line":83,"column":23}},"loc":{"start":{"line":83,"column":45},"end":{"line":89,"column":1}},"line":83}},"branchMap":{"0":{"loc":{"start":{"line":29,"column":4},"end":{"line":29,"column":74}},"type":"if","locations":[{"start":{"line":29,"column":4},"end":{"line":29,"column":74}},{"start":{"line":29,"column":4},"end":{"line":29,"column":74}}],"line":29},"1":{"loc":{"start":{"line":39,"column":4},"end":{"line":39,"column":68}},"type":"if","locations":[{"start":{"line":39,"column":4},"end":{"line":39,"column":68}},{"start":{"line":39,"column":4},"end":{"line":39,"column":68}}],"line":39},"2":{"loc":{"start":{"line":65,"column":4},"end":{"line":65,"column":68}},"type":"if","locations":[{"start":{"line":65,"column":4},"end":{"line":65,"column":68}},{"start":{"line":65,"column":4},"end":{"line":65,"column":68}}],"line":65},"3":{"loc":{"start":{"line":69,"column":4},"end":{"line":69,"column":72}},"type":"if","locations":[{"start":{"line":69,"column":4},"end":{"line":69,"column":72}},{"start":{"line":69,"column":4},"end":{"line":69,"column":72}}],"line":69},"4":{"loc":{"start":{"line":86,"column":4},"end":{"line":86,"column":74}},"type":"if","locations":[{"start":{"line":86,"column":4},"end":{"line":86,"column":74}},{"start":{"line":86,"column":4},"end":{"line":86,"column":74}}],"line":86}},"s":{"0":1,"1":1,"2":1,"3":1,"4":1,"5":1,"6":1,"7":1,"8":1,"9":1,"10":1,"11":1,"12":2,"13":2,"14":1,"15":1,"16":1,"17":3,"18":3,"19":1,"20":2,"21":2,"22":2,"23":1,"24":0,"25":0,"26":0,"27":0,"28":0,"29":0,"30":0,"31":0,"32":0,"33":0,"34":0,"35":0,"36":0,"37":1,"38":0,"39":0,"40":0,"41":0,"42":1},"f":{"0":1,"1":2,"2":3,"3":0,"4":0},"b":{"0":[1,1],"1":[1,2],"2":[0,0],"3":[0,0],"4":[0,0]},"_coverageSchema":"1a1c01bbd47fc00a2c39e90264f33305004495a9","hash":"92a0b6e626e3fb6cc49eef21c85cc215d8def7bc"}
,"E:\\Node\\course-project\\routes\\home.js": {"path":"E:\\Node\\course-project\\routes\\home.js","statementMap":{"0":{"start":{"line":1,"column":16},"end":{"line":1,"column":34}},"1":{"start":{"line":2,"column":14},"end":{"line":2,"column":30}},"2":{"start":{"line":5,"column":0},"end":{"line":7,"column":3}},"3":{"start":{"line":6,"column":4},"end":{"line":6,"column":42}},"4":{"start":{"line":9,"column":0},"end":{"line":9,"column":23}}},"fnMap":{"0":{"name":"(anonymous_0)","decl":{"start":{"line":5,"column":15},"end":{"line":5,"column":16}},"loc":{"start":{"line":5,"column":32},"end":{"line":7,"column":1}},"line":5}},"branchMap":{},"s":{"0":1,"1":1,"2":1,"3":0,"4":1},"f":{"0":0},"b":{},"_coverageSchema":"1a1c01bbd47fc00a2c39e90264f33305004495a9","hash":"d335800b2634d2a158fc53bde68c849cf05a7b72"}
,"E:\\Node\\course-project\\routes\\users.js": {"path":"E:\\Node\\course-project\\routes\\users.js","statementMap":{"0":{"start":{"line":1,"column":21},"end":{"line":1,"column":58}},"1":{"start":{"line":2,"column":15},"end":{"line":2,"column":32}},"2":{"start":{"line":3,"column":16},"end":{"line":3,"column":33}},"3":{"start":{"line":4,"column":24},"end":{"line":4,"column":54}},"4":{"start":{"line":5,"column":16},"end":{"line":5,"column":34}},"5":{"start":{"line":6,"column":15},"end":{"line":6,"column":31}},"6":{"start":{"line":8,"column":0},"end":{"line":31,"column":3}},"7":{"start":{"line":9,"column":20},"end":{"line":9,"column":38}},"8":{"start":{"line":10,"column":4},"end":{"line":10,"column":68}},"9":{"start":{"line":10,"column":14},"end":{"line":10,"column":68}},"10":{"start":{"line":13,"column":15},"end":{"line":13,"column":57}},"11":{"start":{"line":14,"column":4},"end":{"line":14,"column":74}},"12":{"start":{"line":14,"column":13},"end":{"line":14,"column":74}},"13":{"start":{"line":16,"column":4},"end":{"line":28,"column":5}},"14":{"start":{"line":17,"column":21},"end":{"line":17,"column":91}},"15":{"start":{"line":18,"column":8},"end":{"line":18,"column":62}},"16":{"start":{"line":19,"column":8},"end":{"line":19,"column":26}},"17":{"start":{"line":22,"column":22},"end":{"line":22,"column":46}},"18":{"start":{"line":24,"column":8},"end":{"line":24,"column":90}},"19":{"start":{"line":27,"column":8},"end":{"line":27,"column":41}},"20":{"start":{"line":35,"column":0},"end":{"line":38,"column":2}},"21":{"start":{"line":36,"column":18},"end":{"line":36,"column":71}},"22":{"start":{"line":37,"column":4},"end":{"line":37,"column":19}},"23":{"start":{"line":45,"column":17},"end":{"line":45,"column":41}},"24":{"start":{"line":46,"column":17},"end":{"line":46,"column":49}},"25":{"start":{"line":47,"column":3},"end":{"line":47,"column":15}},"26":{"start":{"line":51,"column":0},"end":{"line":51,"column":24}}},"fnMap":{"0":{"name":"(anonymous_0)","decl":{"start":{"line":8,"column":16},"end":{"line":8,"column":17}},"loc":{"start":{"line":8,"column":33},"end":{"line":31,"column":1}},"line":8},"1":{"name":"(anonymous_1)","decl":{"start":{"line":35,"column":30},"end":{"line":35,"column":31}},"loc":{"start":{"line":35,"column":47},"end":{"line":38,"column":1}},"line":35},"2":{"name":"hashPassword","decl":{"start":{"line":44,"column":15},"end":{"line":44,"column":27}},"loc":{"start":{"line":44,"column":37},"end":{"line":48,"column":1}},"line":44}},"branchMap":{"0":{"loc":{"start":{"line":10,"column":4},"end":{"line":10,"column":68}},"type":"if","locations":[{"start":{"line":10,"column":4},"end":{"line":10,"column":68}},{"start":{"line":10,"column":4},"end":{"line":10,"column":68}}],"line":10},"1":{"loc":{"start":{"line":14,"column":4},"end":{"line":14,"column":74}},"type":"if","locations":[{"start":{"line":14,"column":4},"end":{"line":14,"column":74}},{"start":{"line":14,"column":4},"end":{"line":14,"column":74}}],"line":14}},"s":{"0":1,"1":1,"2":1,"3":1,"4":1,"5":1,"6":1,"7":0,"8":0,"9":0,"10":0,"11":0,"12":0,"13":0,"14":0,"15":0,"16":0,"17":0,"18":0,"19":0,"20":1,"21":0,"22":0,"23":0,"24":0,"25":0,"26":1},"f":{"0":0,"1":0,"2":0},"b":{"0":[0,0],"1":[0,0]},"_coverageSchema":"1a1c01bbd47fc00a2c39e90264f33305004495a9","hash":"3cc0db63a92430b4f98e5e8905de7f1a6327db04"}
,"E:\\Node\\course-project\\startup\\config.js": {"path":"E:\\Node\\course-project\\startup\\config.js","statementMap":{"0":{"start":{"line":1,"column":15},"end":{"line":1,"column":32}},"1":{"start":{"line":2,"column":0},"end":{"line":8,"column":1}},"2":{"start":{"line":4,"column":4},"end":{"line":6,"column":5}},"3":{"start":{"line":5,"column":8},"end":{"line":5,"column":57}}},"fnMap":{"0":{"name":"(anonymous_0)","decl":{"start":{"line":2,"column":17},"end":{"line":2,"column":18}},"loc":{"start":{"line":2,"column":27},"end":{"line":8,"column":1}},"line":2}},"branchMap":{"0":{"loc":{"start":{"line":4,"column":4},"end":{"line":6,"column":5}},"type":"if","locations":[{"start":{"line":4,"column":4},"end":{"line":6,"column":5}},{"start":{"line":4,"column":4},"end":{"line":6,"column":5}}],"line":4}},"s":{"0":1,"1":1,"2":1,"3":0},"f":{"0":1},"b":{"0":[0,1]},"_coverageSchema":"1a1c01bbd47fc00a2c39e90264f33305004495a9","hash":"f91eb4799c406de254f8ccd30c7065d75b419819"}
,"E:\\Node\\course-project\\startup\\db.js": {"path":"E:\\Node\\course-project\\startup\\db.js","statementMap":{"0":{"start":{"line":1,"column":11},"end":{"line":1,"column":30}},"1":{"start":{"line":2,"column":16},"end":{"line":2,"column":34}},"2":{"start":{"line":3,"column":15},"end":{"line":3,"column":32}},"3":{"start":{"line":4,"column":0},"end":{"line":15,"column":1}},"4":{"start":{"line":6,"column":21},"end":{"line":6,"column":37}},"5":{"start":{"line":8,"column":4},"end":{"line":12,"column":61}},"6":{"start":{"line":12,"column":18},"end":{"line":12,"column":59}},"7":{"start":{"line":13,"column":4},"end":{"line":13,"column":44}}},"fnMap":{"0":{"name":"(anonymous_0)","decl":{"start":{"line":4,"column":17},"end":{"line":4,"column":18}},"loc":{"start":{"line":4,"column":27},"end":{"line":15,"column":1}},"line":4},"1":{"name":"(anonymous_1)","decl":{"start":{"line":12,"column":12},"end":{"line":12,"column":13}},"loc":{"start":{"line":12,"column":18},"end":{"line":12,"column":59}},"line":12}},"branchMap":{},"s":{"0":1,"1":1,"2":1,"3":1,"4":1,"5":1,"6":1,"7":1},"f":{"0":1,"1":1},"b":{},"_coverageSchema":"1a1c01bbd47fc00a2c39e90264f33305004495a9","hash":"071207d756af5106ab86de9cf6cc0575e9f04215"}
,"E:\\Node\\course-project\\startup\\logging.js": {"path":"E:\\Node\\course-project\\startup\\logging.js","statementMap":{"0":{"start":{"line":3,"column":0},"end":{"line":3,"column":32}},"1":{"start":{"line":4,"column":16},"end":{"line":4,"column":34}},"2":{"start":{"line":5,"column":0},"end":{"line":5,"column":27}},"3":{"start":{"line":6,"column":0},"end":{"line":27,"column":1}},"4":{"start":{"line":9,"column":4},"end":{"line":9,"column":71}},"5":{"start":{"line":16,"column":4},"end":{"line":19,"column":5}},"6":{"start":{"line":24,"column":4},"end":{"line":26,"column":6}},"7":{"start":{"line":25,"column":8},"end":{"line":25,"column":18}}},"fnMap":{"0":{"name":"(anonymous_0)","decl":{"start":{"line":6,"column":17},"end":{"line":6,"column":18}},"loc":{"start":{"line":6,"column":27},"end":{"line":27,"column":1}},"line":6},"1":{"name":"(anonymous_1)","decl":{"start":{"line":24,"column":36},"end":{"line":24,"column":37}},"loc":{"start":{"line":24,"column":43},"end":{"line":26,"column":5}},"line":24}},"branchMap":{},"s":{"0":1,"1":1,"2":1,"3":1,"4":1,"5":1,"6":1,"7":0},"f":{"0":1,"1":0},"b":{},"_coverageSchema":"1a1c01bbd47fc00a2c39e90264f33305004495a9","hash":"f49b5168f9f59cff00f8a5334e98d35a727369f6"}
,"E:\\Node\\course-project\\startup\\routes.js": {"path":"E:\\Node\\course-project\\startup\\routes.js","statementMap":{"0":{"start":{"line":1,"column":16},"end":{"line":1,"column":34}},"1":{"start":{"line":3,"column":15},"end":{"line":3,"column":46}},"2":{"start":{"line":6,"column":15},"end":{"line":6,"column":43}},"3":{"start":{"line":7,"column":13},"end":{"line":7,"column":38}},"4":{"start":{"line":8,"column":20},"end":{"line":8,"column":48}},"5":{"start":{"line":9,"column":14},"end":{"line":9,"column":40}},"6":{"start":{"line":10,"column":15},"end":{"line":10,"column":40}},"7":{"start":{"line":12,"column":0},"end":{"line":25,"column":1}},"8":{"start":{"line":16,"column":4},"end":{"line":16,"column":28}},"9":{"start":{"line":18,"column":4},"end":{"line":18,"column":34}},"10":{"start":{"line":19,"column":4},"end":{"line":19,"column":39}},"11":{"start":{"line":20,"column":4},"end":{"line":20,"column":31}},"12":{"start":{"line":21,"column":4},"end":{"line":21,"column":30}},"13":{"start":{"line":22,"column":4},"end":{"line":22,"column":22}},"14":{"start":{"line":23,"column":4},"end":{"line":23,"column":20}}},"fnMap":{"0":{"name":"(anonymous_0)","decl":{"start":{"line":12,"column":17},"end":{"line":12,"column":18}},"loc":{"start":{"line":12,"column":30},"end":{"line":25,"column":1}},"line":12}},"branchMap":{},"s":{"0":1,"1":1,"2":1,"3":1,"4":1,"5":1,"6":1,"7":1,"8":1,"9":1,"10":1,"11":1,"12":1,"13":1,"14":1},"f":{"0":1},"b":{},"_coverageSchema":"1a1c01bbd47fc00a2c39e90264f33305004495a9","hash":"13e3a8732fc75a76567cfc60af1ab6281355ed16"}
}
