{"E:\\Node\\course-project\\index.js": {"path":"E:\\Node\\course-project\\index.js","statementMap":{"0":{"start":{"line":1,"column":16},"end":{"line":1,"column":34}},"1":{"start":{"line":3,"column":12},"end":{"line":3,"column":21}},"2":{"start":{"line":6,"column":0},"end":{"line":6,"column":31}},"3":{"start":{"line":7,"column":0},"end":{"line":7,"column":33}},"4":{"start":{"line":8,"column":0},"end":{"line":8,"column":26}},"5":{"start":{"line":9,"column":0},"end":{"line":9,"column":30}},"6":{"start":{"line":14,"column":13},"end":{"line":14,"column":17}},"7":{"start":{"line":15,"column":15},"end":{"line":17,"column":2}},"8":{"start":{"line":16,"column":4},"end":{"line":16,"column":78}},"9":{"start":{"line":19,"column":0},"end":{"line":19,"column":24}}},"fnMap":{"0":{"name":"(anonymous_0)","decl":{"start":{"line":15,"column":31},"end":{"line":15,"column":32}},"loc":{"start":{"line":15,"column":41},"end":{"line":17,"column":1}},"line":15}},"branchMap":{},"s":{"0":1,"1":1,"2":1,"3":1,"4":1,"5":1,"6":1,"7":1,"8":1,"9":1},"f":{"0":1},"b":{},"_coverageSchema":"1a1c01bbd47fc00a2c39e90264f33305004495a9","hash":"f4f287a6d5386334a84679fffea98d0337e80c63"}
,"E:\\Node\\course-project\\middlewire\\isAdmin.js": {"path":"E:\\Node\\course-project\\middlewire\\isAdmin.js","statementMap":{"0":{"start":{"line":2,"column":0},"end":{"line":7,"column":1}},"1":{"start":{"line":5,"column":4},"end":{"line":5,"column":73}},"2":{"start":{"line":5,"column":26},"end":{"line":5,"column":73}},"3":{"start":{"line":6,"column":4},"end":{"line":6,"column":11}}},"fnMap":{"0":{"name":"(anonymous_0)","decl":{"start":{"line":2,"column":17},"end":{"line":2,"column":18}},"loc":{"start":{"line":2,"column":33},"end":{"line":7,"column":1}},"line":2}},"branchMap":{"0":{"loc":{"start":{"line":5,"column":4},"end":{"line":5,"column":73}},"type":"if","locations":[{"start":{"line":5,"column":4},"end":{"line":5,"column":73}},{"start":{"line":5,"column":4},"end":{"line":5,"column":73}}],"line":5}},"s":{"0":1,"1":0,"2":0,"3":0},"f":{"0":0},"b":{"0":[0,0]},"_coverageSchema":"1a1c01bbd47fc00a2c39e90264f33305004495a9","hash":"e90cdaeaf4a354dd16ca9a7cd1dbe70084a9d741"}
,"E:\\Node\\course-project\\middlewire\\logger.js": {"path":"E:\\Node\\course-project\\middlewire\\logger.js","statementMap":{"0":{"start":{"line":1,"column":16},"end":{"line":1,"column":34}},"1":{"start":{"line":2,"column":0},"end":{"line":14,"column":1}},"2":{"start":{"line":5,"column":4},"end":{"line":5,"column":41}},"3":{"start":{"line":13,"column":4},"end":{"line":13,"column":50}}},"fnMap":{"0":{"name":"(anonymous_0)","decl":{"start":{"line":2,"column":17},"end":{"line":2,"column":18}},"loc":{"start":{"line":2,"column":43},"end":{"line":14,"column":1}},"line":2}},"branchMap":{},"s":{"0":1,"1":1,"2":1,"3":1},"f":{"0":1},"b":{},"_coverageSchema":"1a1c01bbd47fc00a2c39e90264f33305004495a9","hash":"85ed1b5997f8d1bdfb090411e3711c0dd54a2e7b"}
,"E:\\Node\\course-project\\middlewire\\requireLogin.js": {"path":"E:\\Node\\course-project\\middlewire\\requireLogin.js","statementMap":{"0":{"start":{"line":1,"column":13},"end":{"line":1,"column":36}},"1":{"start":{"line":2,"column":15},"end":{"line":2,"column":32}},"2":{"start":{"line":4,"column":0},"end":{"line":18,"column":1}},"3":{"start":{"line":6,"column":18},"end":{"line":6,"column":45}},"4":{"start":{"line":7,"column":4},"end":{"line":7,"column":73}},"5":{"start":{"line":7,"column":16},"end":{"line":7,"column":73}},"6":{"start":{"line":9,"column":4},"end":{"line":16,"column":5}},"7":{"start":{"line":10,"column":23},"end":{"line":10,"column":69}},"8":{"start":{"line":12,"column":8},"end":{"line":12,"column":26}},"9":{"start":{"line":13,"column":8},"end":{"line":13,"column":15}},"10":{"start":{"line":15,"column":8},"end":{"line":15,"column":58}}},"fnMap":{"0":{"name":"(anonymous_0)","decl":{"start":{"line":4,"column":17},"end":{"line":4,"column":18}},"loc":{"start":{"line":4,"column":35},"end":{"line":18,"column":1}},"line":4}},"branchMap":{"0":{"loc":{"start":{"line":7,"column":4},"end":{"line":7,"column":73}},"type":"if","locations":[{"start":{"line":7,"column":4},"end":{"line":7,"column":73}},{"start":{"line":7,"column":4},"end":{"line":7,"column":73}}],"line":7}},"s":{"0":2,"1":2,"2":2,"3":16,"4":16,"5":4,"6":12,"7":12,"8":12,"9":12,"10":0},"f":{"0":16},"b":{"0":[4,12]},"_coverageSchema":"1a1c01bbd47fc00a2c39e90264f33305004495a9","hash":"8337fac528a39f530c0c7d52b932581da5317bbe"}
,"E:\\Node\\course-project\\middlewire\\validateInput.js": {"path":"E:\\Node\\course-project\\middlewire\\validateInput.js","statementMap":{"0":{"start":{"line":2,"column":0},"end":{"line":10,"column":1}},"1":{"start":{"line":3,"column":4},"end":{"line":9,"column":5}},"2":{"start":{"line":4,"column":24},"end":{"line":4,"column":43}},"3":{"start":{"line":5,"column":8},"end":{"line":7,"column":10}},"4":{"start":{"line":5,"column":18},"end":{"line":7,"column":10}},"5":{"start":{"line":8,"column":8},"end":{"line":8,"column":15}}},"fnMap":{"0":{"name":"(anonymous_0)","decl":{"start":{"line":2,"column":18},"end":{"line":2,"column":19}},"loc":{"start":{"line":2,"column":31},"end":{"line":10,"column":1}},"line":2},"1":{"name":"(anonymous_1)","decl":{"start":{"line":3,"column":11},"end":{"line":3,"column":12}},"loc":{"start":{"line":3,"column":29},"end":{"line":9,"column":5}},"line":3}},"branchMap":{"0":{"loc":{"start":{"line":5,"column":8},"end":{"line":7,"column":10}},"type":"if","locations":[{"start":{"line":5,"column":8},"end":{"line":7,"column":10}},{"start":{"line":5,"column":8},"end":{"line":7,"column":10}}],"line":5}},"s":{"0":1,"1":2,"2":5,"3":5,"4":1,"5":4},"f":{"0":2,"1":5},"b":{"0":[1,4]},"_coverageSchema":"1a1c01bbd47fc00a2c39e90264f33305004495a9","hash":"6f450170b7c1178d8cf6562861eae3286cc2c516"}
,"E:\\Node\\course-project\\middlewire\\validateObjectId.js": {"path":"E:\\Node\\course-project\\middlewire\\validateObjectId.js","statementMap":{"0":{"start":{"line":1,"column":11},"end":{"line":1,"column":30}},"1":{"start":{"line":3,"column":0},"end":{"line":8,"column":1}},"2":{"start":{"line":4,"column":20},"end":{"line":4,"column":60}},"3":{"start":{"line":5,"column":4},"end":{"line":5,"column":65}},"4":{"start":{"line":5,"column":18},"end":{"line":5,"column":65}},"5":{"start":{"line":7,"column":4},"end":{"line":7,"column":11}}},"fnMap":{"0":{"name":"(anonymous_0)","decl":{"start":{"line":3,"column":17},"end":{"line":3,"column":18}},"loc":{"start":{"line":3,"column":41},"end":{"line":8,"column":1}},"line":3}},"branchMap":{"0":{"loc":{"start":{"line":5,"column":4},"end":{"line":5,"column":65}},"type":"if","locations":[{"start":{"line":5,"column":4},"end":{"line":5,"column":65}},{"start":{"line":5,"column":4},"end":{"line":5,"column":65}}],"line":5}},"s":{"0":1,"1":1,"2":7,"3":7,"4":1,"5":6},"f":{"0":7},"b":{"0":[1,6]},"_coverageSchema":"1a1c01bbd47fc00a2c39e90264f33305004495a9","hash":"2c4d7ef990292db755c5e6d26478a53345dbecd6"}
,"E:\\Node\\course-project\\models\\authorModel.js": {"path":"E:\\Node\\course-project\\models\\authorModel.js","statementMap":{"0":{"start":{"line":1,"column":12},"end":{"line":1,"column":31}},"1":{"start":{"line":2,"column":12},"end":{"line":2,"column":26}},"2":{"start":{"line":4,"column":22},"end":{"line":17,"column":2}},"3":{"start":{"line":19,"column":15},"end":{"line":19,"column":50}},"4":{"start":{"line":24,"column":19},"end":{"line":28,"column":6}},"5":{"start":{"line":30,"column":4},"end":{"line":30,"column":36}},"6":{"start":{"line":35,"column":0},"end":{"line":35,"column":24}},"7":{"start":{"line":36,"column":0},"end":{"line":36,"column":34}},"8":{"start":{"line":37,"column":0},"end":{"line":37,"column":36}}},"fnMap":{"0":{"name":"validateAuthor","decl":{"start":{"line":23,"column":9},"end":{"line":23,"column":23}},"loc":{"start":{"line":23,"column":31},"end":{"line":32,"column":1}},"line":23}},"branchMap":{},"s":{"0":1,"1":1,"2":1,"3":1,"4":0,"5":0,"6":1,"7":1,"8":1},"f":{"0":0},"b":{},"_coverageSchema":"1a1c01bbd47fc00a2c39e90264f33305004495a9","hash":"afbe7754a4e365741398ff23b76e4abac82e8a3e"}
,"E:\\Node\\course-project\\models\\courseModel.js": {"path":"E:\\Node\\course-project\\models\\courseModel.js","statementMap":{"0":{"start":{"line":1,"column":11},"end":{"line":1,"column":30}},"1":{"start":{"line":3,"column":13},"end":{"line":3,"column":27}},"2":{"start":{"line":4,"column":25},"end":{"line":4,"column":49}},"3":{"start":{"line":6,"column":15},"end":{"line":25,"column":3}},"4":{"start":{"line":21,"column":17},"end":{"line":21,"column":30}},"5":{"start":{"line":22,"column":17},"end":{"line":22,"column":30}},"6":{"start":{"line":30,"column":19},"end":{"line":36,"column":6}},"7":{"start":{"line":38,"column":4},"end":{"line":38,"column":36}},"8":{"start":{"line":42,"column":0},"end":{"line":42,"column":24}},"9":{"start":{"line":43,"column":0},"end":{"line":43,"column":40}}},"fnMap":{"0":{"name":"(anonymous_0)","decl":{"start":{"line":21,"column":13},"end":{"line":21,"column":14}},"loc":{"start":{"line":21,"column":17},"end":{"line":21,"column":30}},"line":21},"1":{"name":"(anonymous_1)","decl":{"start":{"line":22,"column":13},"end":{"line":22,"column":14}},"loc":{"start":{"line":22,"column":17},"end":{"line":22,"column":30}},"line":22},"2":{"name":"validateCourse","decl":{"start":{"line":29,"column":9},"end":{"line":29,"column":23}},"loc":{"start":{"line":29,"column":31},"end":{"line":39,"column":1}},"line":29}},"branchMap":{},"s":{"0":1,"1":1,"2":1,"3":1,"4":0,"5":10,"6":5,"7":5,"8":1,"9":1},"f":{"0":0,"1":10,"2":5},"b":{},"_coverageSchema":"1a1c01bbd47fc00a2c39e90264f33305004495a9","hash":"a0a0582762a171cb84d344fbfb4e09889d939687"}
,"E:\\Node\\course-project\\models\\userModel.js": {"path":"E:\\Node\\course-project\\models\\userModel.js","statementMap":{"0":{"start":{"line":1,"column":11},"end":{"line":1,"column":30}},"1":{"start":{"line":2,"column":12},"end":{"line":2,"column":35}},"2":{"start":{"line":3,"column":15},"end":{"line":3,"column":32}},"3":{"start":{"line":4,"column":12},"end":{"line":4,"column":26}},"4":{"start":{"line":5,"column":19},"end":{"line":19,"column":2}},"5":{"start":{"line":23,"column":0},"end":{"line":26,"column":1}},"6":{"start":{"line":24,"column":18},"end":{"line":24,"column":92}},"7":{"start":{"line":25,"column":4},"end":{"line":25,"column":17}},"8":{"start":{"line":29,"column":13},"end":{"line":29,"column":44}},"9":{"start":{"line":32,"column":19},"end":{"line":37,"column":6}},"10":{"start":{"line":38,"column":4},"end":{"line":38,"column":34}},"11":{"start":{"line":43,"column":19},"end":{"line":46,"column":6}},"12":{"start":{"line":47,"column":4},"end":{"line":47,"column":34}},"13":{"start":{"line":51,"column":0},"end":{"line":51,"column":27}},"14":{"start":{"line":52,"column":0},"end":{"line":52,"column":35}},"15":{"start":{"line":53,"column":0},"end":{"line":53,"column":45}}},"fnMap":{"0":{"name":"(anonymous_0)","decl":{"start":{"line":23,"column":39},"end":{"line":23,"column":40}},"loc":{"start":{"line":23,"column":50},"end":{"line":26,"column":1}},"line":23},"1":{"name":"validate","decl":{"start":{"line":31,"column":9},"end":{"line":31,"column":17}},"loc":{"start":{"line":31,"column":23},"end":{"line":40,"column":1}},"line":31},"2":{"name":"validateLogin","decl":{"start":{"line":42,"column":9},"end":{"line":42,"column":22}},"loc":{"start":{"line":42,"column":28},"end":{"line":49,"column":1}},"line":42}},"branchMap":{},"s":{"0":2,"1":2,"2":2,"3":2,"4":2,"5":2,"6":16,"7":16,"8":2,"9":0,"10":0,"11":0,"12":0,"13":2,"14":2,"15":2},"f":{"0":16,"1":0,"2":0},"b":{},"_coverageSchema":"1a1c01bbd47fc00a2c39e90264f33305004495a9","hash":"7fe64228b13d2c904d387bba1ef2b67ae851a8b4"}
,"E:\\Node\\course-project\\routes\\auth.js": {"path":"E:\\Node\\course-project\\routes\\auth.js","statementMap":{"0":{"start":{"line":1,"column":15},"end":{"line":1,"column":32}},"1":{"start":{"line":2,"column":29},"end":{"line":2,"column":59}},"2":{"start":{"line":3,"column":16},"end":{"line":3,"column":34}},"3":{"start":{"line":4,"column":15},"end":{"line":4,"column":31}},"4":{"start":{"line":6,"column":0},"end":{"line":20,"column":2}},"5":{"start":{"line":7,"column":20},"end":{"line":7,"column":43}},"6":{"start":{"line":8,"column":4},"end":{"line":8,"column":68}},"7":{"start":{"line":8,"column":14},"end":{"line":8,"column":68}},"8":{"start":{"line":11,"column":15},"end":{"line":11,"column":57}},"9":{"start":{"line":12,"column":4},"end":{"line":12,"column":79}},"10":{"start":{"line":12,"column":14},"end":{"line":12,"column":79}},"11":{"start":{"line":14,"column":20},"end":{"line":14,"column":74}},"12":{"start":{"line":15,"column":4},"end":{"line":15,"column":80}},"13":{"start":{"line":15,"column":16},"end":{"line":15,"column":80}},"14":{"start":{"line":17,"column":18},"end":{"line":17,"column":42}},"15":{"start":{"line":19,"column":4},"end":{"line":19,"column":58}},"16":{"start":{"line":24,"column":0},"end":{"line":24,"column":24}}},"fnMap":{"0":{"name":"(anonymous_0)","decl":{"start":{"line":6,"column":16},"end":{"line":6,"column":17}},"loc":{"start":{"line":6,"column":33},"end":{"line":20,"column":1}},"line":6}},"branchMap":{"0":{"loc":{"start":{"line":8,"column":4},"end":{"line":8,"column":68}},"type":"if","locations":[{"start":{"line":8,"column":4},"end":{"line":8,"column":68}},{"start":{"line":8,"column":4},"end":{"line":8,"column":68}}],"line":8},"1":{"loc":{"start":{"line":12,"column":4},"end":{"line":12,"column":79}},"type":"if","locations":[{"start":{"line":12,"column":4},"end":{"line":12,"column":79}},{"start":{"line":12,"column":4},"end":{"line":12,"column":79}}],"line":12},"2":{"loc":{"start":{"line":15,"column":4},"end":{"line":15,"column":80}},"type":"if","locations":[{"start":{"line":15,"column":4},"end":{"line":15,"column":80}},{"start":{"line":15,"column":4},"end":{"line":15,"column":80}}],"line":15}},"s":{"0":1,"1":1,"2":1,"3":1,"4":1,"5":0,"6":0,"7":0,"8":0,"9":0,"10":0,"11":0,"12":0,"13":0,"14":0,"15":0,"16":1},"f":{"0":0},"b":{"0":[0,0],"1":[0,0],"2":[0,0]},"_coverageSchema":"1a1c01bbd47fc00a2c39e90264f33305004495a9","hash":"80e51af3822373f605635d892502d4d02a222529"}
,"E:\\Node\\course-project\\routes\\authors.js": {"path":"E:\\Node\\course-project\\routes\\authors.js","statementMap":{"0":{"start":{"line":1,"column":21},"end":{"line":1,"column":58}},"1":{"start":{"line":2,"column":28},"end":{"line":2,"column":60}},"2":{"start":{"line":3,"column":16},"end":{"line":3,"column":34}},"3":{"start":{"line":4,"column":15},"end":{"line":4,"column":31}},"4":{"start":{"line":7,"column":0},"end":{"line":10,"column":2}},"5":{"start":{"line":8,"column":19},"end":{"line":8,"column":38}},"6":{"start":{"line":9,"column":4},"end":{"line":9,"column":20}},"7":{"start":{"line":13,"column":0},"end":{"line":25,"column":2}},"8":{"start":{"line":17,"column":22},"end":{"line":21,"column":6}},"9":{"start":{"line":23,"column":23},"end":{"line":23,"column":45}},"10":{"start":{"line":24,"column":4},"end":{"line":24,"column":25}},"11":{"start":{"line":28,"column":0},"end":{"line":28,"column":23}}},"fnMap":{"0":{"name":"(anonymous_0)","decl":{"start":{"line":7,"column":30},"end":{"line":7,"column":31}},"loc":{"start":{"line":7,"column":47},"end":{"line":10,"column":1}},"line":7},"1":{"name":"(anonymous_1)","decl":{"start":{"line":13,"column":31},"end":{"line":13,"column":32}},"loc":{"start":{"line":13,"column":48},"end":{"line":25,"column":1}},"line":13}},"branchMap":{},"s":{"0":1,"1":1,"2":1,"3":1,"4":1,"5":0,"6":0,"7":1,"8":0,"9":0,"10":0,"11":1},"f":{"0":0,"1":0},"b":{},"_coverageSchema":"1a1c01bbd47fc00a2c39e90264f33305004495a9","hash":"c33ba06305baa323b178bd45bb95a77728b13a7b"}
,"E:\\Node\\course-project\\routes\\courses.js": {"path":"E:\\Node\\course-project\\routes\\courses.js","statementMap":{"0":{"start":{"line":1,"column":22},"end":{"line":1,"column":63}},"1":{"start":{"line":3,"column":22},"end":{"line":3,"column":60}},"2":{"start":{"line":6,"column":35},"end":{"line":6,"column":67}},"3":{"start":{"line":7,"column":21},"end":{"line":7,"column":58}},"4":{"start":{"line":8,"column":16},"end":{"line":8,"column":48}},"5":{"start":{"line":11,"column":16},"end":{"line":11,"column":34}},"6":{"start":{"line":12,"column":19},"end":{"line":12,"column":51}},"7":{"start":{"line":13,"column":25},"end":{"line":13,"column":66}},"8":{"start":{"line":14,"column":15},"end":{"line":14,"column":31}},"9":{"start":{"line":20,"column":0},"end":{"line":27,"column":3}},"10":{"start":{"line":23,"column":20},"end":{"line":25,"column":17}},"11":{"start":{"line":26,"column":4},"end":{"line":26,"column":22}},"12":{"start":{"line":30,"column":0},"end":{"line":36,"column":3}},"13":{"start":{"line":33,"column":17},"end":{"line":33,"column":53}},"14":{"start":{"line":34,"column":4},"end":{"line":34,"column":68}},"15":{"start":{"line":34,"column":16},"end":{"line":34,"column":68}},"16":{"start":{"line":35,"column":4},"end":{"line":35,"column":21}},"17":{"start":{"line":39,"column":0},"end":{"line":57,"column":3}},"18":{"start":{"line":46,"column":20},"end":{"line":53,"column":6}},"19":{"start":{"line":55,"column":4},"end":{"line":55,"column":39}},"20":{"start":{"line":56,"column":4},"end":{"line":56,"column":24}},"21":{"start":{"line":61,"column":0},"end":{"line":76,"column":3}},"22":{"start":{"line":64,"column":20},"end":{"line":64,"column":65}},"23":{"start":{"line":65,"column":4},"end":{"line":65,"column":72}},"24":{"start":{"line":65,"column":16},"end":{"line":65,"column":72}},"25":{"start":{"line":68,"column":4},"end":{"line":68,"column":32}},"26":{"start":{"line":69,"column":4},"end":{"line":69,"column":36}},"27":{"start":{"line":70,"column":4},"end":{"line":70,"column":32}},"28":{"start":{"line":71,"column":4},"end":{"line":71,"column":34}},"29":{"start":{"line":72,"column":4},"end":{"line":72,"column":42}},"30":{"start":{"line":74,"column":19},"end":{"line":74,"column":38}},"31":{"start":{"line":75,"column":4},"end":{"line":75,"column":21}},"32":{"start":{"line":79,"column":0},"end":{"line":85,"column":3}},"33":{"start":{"line":81,"column":17},"end":{"line":81,"column":62}},"34":{"start":{"line":82,"column":4},"end":{"line":82,"column":74}},"35":{"start":{"line":82,"column":16},"end":{"line":82,"column":74}},"36":{"start":{"line":83,"column":4},"end":{"line":83,"column":21}},"37":{"start":{"line":88,"column":0},"end":{"line":88,"column":23}}},"fnMap":{"0":{"name":"(anonymous_0)","decl":{"start":{"line":20,"column":33},"end":{"line":20,"column":34}},"loc":{"start":{"line":20,"column":50},"end":{"line":27,"column":1}},"line":20},"1":{"name":"(anonymous_1)","decl":{"start":{"line":30,"column":49},"end":{"line":30,"column":50}},"loc":{"start":{"line":30,"column":66},"end":{"line":36,"column":1}},"line":30},"2":{"name":"(anonymous_2)","decl":{"start":{"line":39,"column":63},"end":{"line":39,"column":64}},"loc":{"start":{"line":39,"column":80},"end":{"line":57,"column":1}},"line":39},"3":{"name":"(anonymous_3)","decl":{"start":{"line":61,"column":79},"end":{"line":61,"column":80}},"loc":{"start":{"line":61,"column":96},"end":{"line":76,"column":1}},"line":61},"4":{"name":"(anonymous_4)","decl":{"start":{"line":79,"column":53},"end":{"line":79,"column":54}},"loc":{"start":{"line":79,"column":76},"end":{"line":85,"column":1}},"line":79}},"branchMap":{"0":{"loc":{"start":{"line":34,"column":4},"end":{"line":34,"column":68}},"type":"if","locations":[{"start":{"line":34,"column":4},"end":{"line":34,"column":68}},{"start":{"line":34,"column":4},"end":{"line":34,"column":68}}],"line":34},"1":{"loc":{"start":{"line":65,"column":4},"end":{"line":65,"column":72}},"type":"if","locations":[{"start":{"line":65,"column":4},"end":{"line":65,"column":72}},{"start":{"line":65,"column":4},"end":{"line":65,"column":72}}],"line":65},"2":{"loc":{"start":{"line":82,"column":4},"end":{"line":82,"column":74}},"type":"if","locations":[{"start":{"line":82,"column":4},"end":{"line":82,"column":74}},{"start":{"line":82,"column":4},"end":{"line":82,"column":74}}],"line":82}},"s":{"0":1,"1":1,"2":1,"3":1,"4":1,"5":1,"6":1,"7":1,"8":1,"9":1,"10":1,"11":1,"12":1,"13":2,"14":2,"15":1,"16":1,"17":1,"18":2,"19":2,"20":2,"21":1,"22":2,"23":2,"24":1,"25":1,"26":1,"27":1,"28":1,"29":1,"30":1,"31":1,"32":1,"33":2,"34":2,"35":1,"36":1,"37":1},"f":{"0":1,"1":2,"2":2,"3":2,"4":2},"b":{"0":[1,1],"1":[1,1],"2":[1,1]},"_coverageSchema":"1a1c01bbd47fc00a2c39e90264f33305004495a9","hash":"25fa35e31416ed61ba538b37d6ac92b1db555fcf"}
,"E:\\Node\\course-project\\routes\\home.js": {"path":"E:\\Node\\course-project\\routes\\home.js","statementMap":{"0":{"start":{"line":1,"column":16},"end":{"line":1,"column":34}},"1":{"start":{"line":2,"column":14},"end":{"line":2,"column":30}},"2":{"start":{"line":5,"column":0},"end":{"line":7,"column":3}},"3":{"start":{"line":6,"column":4},"end":{"line":6,"column":42}},"4":{"start":{"line":9,"column":0},"end":{"line":9,"column":23}}},"fnMap":{"0":{"name":"(anonymous_0)","decl":{"start":{"line":5,"column":15},"end":{"line":5,"column":16}},"loc":{"start":{"line":5,"column":32},"end":{"line":7,"column":1}},"line":5}},"branchMap":{},"s":{"0":1,"1":1,"2":1,"3":0,"4":1},"f":{"0":0},"b":{},"_coverageSchema":"1a1c01bbd47fc00a2c39e90264f33305004495a9","hash":"d335800b2634d2a158fc53bde68c849cf05a7b72"}
,"E:\\Node\\course-project\\routes\\users.js": {"path":"E:\\Node\\course-project\\routes\\users.js","statementMap":{"0":{"start":{"line":1,"column":21},"end":{"line":1,"column":58}},"1":{"start":{"line":2,"column":15},"end":{"line":2,"column":32}},"2":{"start":{"line":3,"column":16},"end":{"line":3,"column":33}},"3":{"start":{"line":4,"column":24},"end":{"line":4,"column":54}},"4":{"start":{"line":5,"column":16},"end":{"line":5,"column":34}},"5":{"start":{"line":6,"column":15},"end":{"line":6,"column":31}},"6":{"start":{"line":8,"column":0},"end":{"line":31,"column":3}},"7":{"start":{"line":9,"column":20},"end":{"line":9,"column":38}},"8":{"start":{"line":10,"column":4},"end":{"line":10,"column":68}},"9":{"start":{"line":10,"column":14},"end":{"line":10,"column":68}},"10":{"start":{"line":13,"column":15},"end":{"line":13,"column":57}},"11":{"start":{"line":14,"column":4},"end":{"line":14,"column":74}},"12":{"start":{"line":14,"column":13},"end":{"line":14,"column":74}},"13":{"start":{"line":16,"column":4},"end":{"line":28,"column":5}},"14":{"start":{"line":17,"column":21},"end":{"line":17,"column":91}},"15":{"start":{"line":18,"column":8},"end":{"line":18,"column":62}},"16":{"start":{"line":19,"column":8},"end":{"line":19,"column":26}},"17":{"start":{"line":22,"column":22},"end":{"line":22,"column":46}},"18":{"start":{"line":24,"column":8},"end":{"line":24,"column":90}},"19":{"start":{"line":27,"column":8},"end":{"line":27,"column":41}},"20":{"start":{"line":35,"column":0},"end":{"line":38,"column":2}},"21":{"start":{"line":36,"column":18},"end":{"line":36,"column":71}},"22":{"start":{"line":37,"column":4},"end":{"line":37,"column":19}},"23":{"start":{"line":45,"column":17},"end":{"line":45,"column":41}},"24":{"start":{"line":46,"column":17},"end":{"line":46,"column":49}},"25":{"start":{"line":47,"column":3},"end":{"line":47,"column":15}},"26":{"start":{"line":51,"column":0},"end":{"line":51,"column":24}}},"fnMap":{"0":{"name":"(anonymous_0)","decl":{"start":{"line":8,"column":16},"end":{"line":8,"column":17}},"loc":{"start":{"line":8,"column":33},"end":{"line":31,"column":1}},"line":8},"1":{"name":"(anonymous_1)","decl":{"start":{"line":35,"column":30},"end":{"line":35,"column":31}},"loc":{"start":{"line":35,"column":47},"end":{"line":38,"column":1}},"line":35},"2":{"name":"hashPassword","decl":{"start":{"line":44,"column":15},"end":{"line":44,"column":27}},"loc":{"start":{"line":44,"column":37},"end":{"line":48,"column":1}},"line":44}},"branchMap":{"0":{"loc":{"start":{"line":10,"column":4},"end":{"line":10,"column":68}},"type":"if","locations":[{"start":{"line":10,"column":4},"end":{"line":10,"column":68}},{"start":{"line":10,"column":4},"end":{"line":10,"column":68}}],"line":10},"1":{"loc":{"start":{"line":14,"column":4},"end":{"line":14,"column":74}},"type":"if","locations":[{"start":{"line":14,"column":4},"end":{"line":14,"column":74}},{"start":{"line":14,"column":4},"end":{"line":14,"column":74}}],"line":14}},"s":{"0":1,"1":1,"2":1,"3":1,"4":1,"5":1,"6":1,"7":0,"8":0,"9":0,"10":0,"11":0,"12":0,"13":0,"14":0,"15":0,"16":0,"17":0,"18":0,"19":0,"20":1,"21":0,"22":0,"23":0,"24":0,"25":0,"26":1},"f":{"0":0,"1":0,"2":0},"b":{"0":[0,0],"1":[0,0]},"_coverageSchema":"1a1c01bbd47fc00a2c39e90264f33305004495a9","hash":"3cc0db63a92430b4f98e5e8905de7f1a6327db04"}
,"E:\\Node\\course-project\\startup\\config.js": {"path":"E:\\Node\\course-project\\startup\\config.js","statementMap":{"0":{"start":{"line":1,"column":15},"end":{"line":1,"column":32}},"1":{"start":{"line":2,"column":0},"end":{"line":8,"column":1}},"2":{"start":{"line":4,"column":4},"end":{"line":6,"column":5}},"3":{"start":{"line":5,"column":8},"end":{"line":5,"column":57}}},"fnMap":{"0":{"name":"(anonymous_0)","decl":{"start":{"line":2,"column":17},"end":{"line":2,"column":18}},"loc":{"start":{"line":2,"column":27},"end":{"line":8,"column":1}},"line":2}},"branchMap":{"0":{"loc":{"start":{"line":4,"column":4},"end":{"line":6,"column":5}},"type":"if","locations":[{"start":{"line":4,"column":4},"end":{"line":6,"column":5}},{"start":{"line":4,"column":4},"end":{"line":6,"column":5}}],"line":4}},"s":{"0":1,"1":1,"2":1,"3":0},"f":{"0":1},"b":{"0":[0,1]},"_coverageSchema":"1a1c01bbd47fc00a2c39e90264f33305004495a9","hash":"f91eb4799c406de254f8ccd30c7065d75b419819"}
,"E:\\Node\\course-project\\startup\\db.js": {"path":"E:\\Node\\course-project\\startup\\db.js","statementMap":{"0":{"start":{"line":1,"column":11},"end":{"line":1,"column":30}},"1":{"start":{"line":2,"column":16},"end":{"line":2,"column":34}},"2":{"start":{"line":3,"column":15},"end":{"line":3,"column":32}},"3":{"start":{"line":4,"column":0},"end":{"line":15,"column":1}},"4":{"start":{"line":6,"column":21},"end":{"line":6,"column":37}},"5":{"start":{"line":8,"column":4},"end":{"line":12,"column":61}},"6":{"start":{"line":12,"column":18},"end":{"line":12,"column":59}},"7":{"start":{"line":13,"column":4},"end":{"line":13,"column":44}}},"fnMap":{"0":{"name":"(anonymous_0)","decl":{"start":{"line":4,"column":17},"end":{"line":4,"column":18}},"loc":{"start":{"line":4,"column":27},"end":{"line":15,"column":1}},"line":4},"1":{"name":"(anonymous_1)","decl":{"start":{"line":12,"column":12},"end":{"line":12,"column":13}},"loc":{"start":{"line":12,"column":18},"end":{"line":12,"column":59}},"line":12}},"branchMap":{},"s":{"0":1,"1":1,"2":1,"3":1,"4":1,"5":1,"6":1,"7":1},"f":{"0":1,"1":1},"b":{},"_coverageSchema":"1a1c01bbd47fc00a2c39e90264f33305004495a9","hash":"071207d756af5106ab86de9cf6cc0575e9f04215"}
,"E:\\Node\\course-project\\startup\\logging.js": {"path":"E:\\Node\\course-project\\startup\\logging.js","statementMap":{"0":{"start":{"line":3,"column":0},"end":{"line":3,"column":32}},"1":{"start":{"line":4,"column":16},"end":{"line":4,"column":34}},"2":{"start":{"line":5,"column":0},"end":{"line":5,"column":27}},"3":{"start":{"line":6,"column":0},"end":{"line":27,"column":1}},"4":{"start":{"line":9,"column":4},"end":{"line":9,"column":71}},"5":{"start":{"line":16,"column":4},"end":{"line":19,"column":5}},"6":{"start":{"line":24,"column":4},"end":{"line":26,"column":6}},"7":{"start":{"line":25,"column":8},"end":{"line":25,"column":18}}},"fnMap":{"0":{"name":"(anonymous_0)","decl":{"start":{"line":6,"column":17},"end":{"line":6,"column":18}},"loc":{"start":{"line":6,"column":27},"end":{"line":27,"column":1}},"line":6},"1":{"name":"(anonymous_1)","decl":{"start":{"line":24,"column":36},"end":{"line":24,"column":37}},"loc":{"start":{"line":24,"column":43},"end":{"line":26,"column":5}},"line":24}},"branchMap":{},"s":{"0":1,"1":1,"2":1,"3":1,"4":1,"5":1,"6":1,"7":0},"f":{"0":1,"1":0},"b":{},"_coverageSchema":"1a1c01bbd47fc00a2c39e90264f33305004495a9","hash":"f49b5168f9f59cff00f8a5334e98d35a727369f6"}
,"E:\\Node\\course-project\\startup\\routes.js": {"path":"E:\\Node\\course-project\\startup\\routes.js","statementMap":{"0":{"start":{"line":1,"column":16},"end":{"line":1,"column":34}},"1":{"start":{"line":3,"column":15},"end":{"line":3,"column":46}},"2":{"start":{"line":6,"column":15},"end":{"line":6,"column":43}},"3":{"start":{"line":7,"column":13},"end":{"line":7,"column":38}},"4":{"start":{"line":8,"column":20},"end":{"line":8,"column":48}},"5":{"start":{"line":9,"column":14},"end":{"line":9,"column":40}},"6":{"start":{"line":10,"column":15},"end":{"line":10,"column":40}},"7":{"start":{"line":12,"column":0},"end":{"line":25,"column":1}},"8":{"start":{"line":16,"column":4},"end":{"line":16,"column":28}},"9":{"start":{"line":18,"column":4},"end":{"line":18,"column":34}},"10":{"start":{"line":19,"column":4},"end":{"line":19,"column":39}},"11":{"start":{"line":20,"column":4},"end":{"line":20,"column":31}},"12":{"start":{"line":21,"column":4},"end":{"line":21,"column":30}},"13":{"start":{"line":22,"column":4},"end":{"line":22,"column":22}},"14":{"start":{"line":23,"column":4},"end":{"line":23,"column":20}}},"fnMap":{"0":{"name":"(anonymous_0)","decl":{"start":{"line":12,"column":17},"end":{"line":12,"column":18}},"loc":{"start":{"line":12,"column":30},"end":{"line":25,"column":1}},"line":12}},"branchMap":{},"s":{"0":1,"1":1,"2":1,"3":1,"4":1,"5":1,"6":1,"7":1,"8":1,"9":1,"10":1,"11":1,"12":1,"13":1,"14":1},"f":{"0":1},"b":{},"_coverageSchema":"1a1c01bbd47fc00a2c39e90264f33305004495a9","hash":"13e3a8732fc75a76567cfc60af1ab6281355ed16"}
,"E:\\Node\\course-project\\tests\\factories\\courseFactory.js": {"path":"E:\\Node\\course-project\\tests\\factories\\courseFactory.js","statementMap":{"0":{"start":{"line":1,"column":17},"end":{"line":1,"column":52}},"1":{"start":{"line":3,"column":23},"end":{"line":11,"column":9}},"2":{"start":{"line":12,"column":8},"end":{"line":12,"column":29}},"3":{"start":{"line":16,"column":8},"end":{"line":24,"column":10}},"4":{"start":{"line":29,"column":8},"end":{"line":35,"column":9}},"5":{"start":{"line":39,"column":8},"end":{"line":45,"column":9}},"6":{"start":{"line":48,"column":0},"end":{"line":48,"column":39}},"7":{"start":{"line":49,"column":0},"end":{"line":49,"column":32}},"8":{"start":{"line":50,"column":0},"end":{"line":50,"column":27}},"9":{"start":{"line":51,"column":0},"end":{"line":51,"column":40}}},"fnMap":{"0":{"name":"create","decl":{"start":{"line":2,"column":13},"end":{"line":2,"column":19}},"loc":{"start":{"line":2,"column":21},"end":{"line":13,"column":5}},"line":2},"1":{"name":"createMany","decl":{"start":{"line":15,"column":13},"end":{"line":15,"column":23}},"loc":{"start":{"line":15,"column":25},"end":{"line":25,"column":5}},"line":15},"2":{"name":"data","decl":{"start":{"line":28,"column":13},"end":{"line":28,"column":17}},"loc":{"start":{"line":28,"column":19},"end":{"line":36,"column":5}},"line":28},"3":{"name":"invalidData","decl":{"start":{"line":38,"column":13},"end":{"line":38,"column":24}},"loc":{"start":{"line":38,"column":26},"end":{"line":46,"column":5}},"line":38}},"branchMap":{},"s":{"0":1,"1":7,"2":7,"3":1,"4":9,"5":1,"6":1,"7":1,"8":1,"9":1},"f":{"0":7,"1":1,"2":9,"3":1},"b":{},"_coverageSchema":"1a1c01bbd47fc00a2c39e90264f33305004495a9","hash":"af9c7c05d56b55cb6c5fca35fba2d4802fce9212"}
}
