TN:
SF:index.js
FN:15,(anonymous_0)
FNF:1
FNH:1
FNDA:1,(anonymous_0)
DA:1,1
DA:3,1
DA:6,1
DA:7,1
DA:8,1
DA:9,1
DA:14,1
DA:15,1
DA:16,1
DA:19,1
LF:10
LH:10
BRF:0
BRH:0
end_of_record
TN:
SF:middlewire\isAdmin.js
FN:2,(anonymous_0)
FNF:1
FNH:0
FNDA:0,(anonymous_0)
DA:2,1
DA:5,0
DA:6,0
LF:3
LH:1
BRDA:5,0,0,0
BRDA:5,0,1,0
BRF:2
BRH:0
end_of_record
TN:
SF:middlewire\logger.js
FN:2,(anonymous_0)
FNF:1
FNH:1
FNDA:1,(anonymous_0)
DA:1,1
DA:2,1
DA:5,1
DA:13,1
LF:4
LH:4
BRF:0
BRH:0
end_of_record
TN:
SF:middlewire\requireLogin.js
FN:4,(anonymous_0)
FNF:1
FNH:1
FNDA:16,(anonymous_0)
DA:1,2
DA:2,2
DA:4,2
DA:6,16
DA:7,16
DA:9,12
DA:10,12
DA:12,12
DA:13,12
DA:15,0
LF:10
LH:9
BRDA:7,0,0,4
BRDA:7,0,1,12
BRF:2
BRH:2
end_of_record
TN:
SF:middlewire\validateInput.js
FN:2,(anonymous_0)
FN:3,(anonymous_1)
FNF:2
FNH:2
FNDA:2,(anonymous_0)
FNDA:5,(anonymous_1)
DA:2,1
DA:3,2
DA:4,5
DA:5,5
DA:8,4
LF:5
LH:5
BRDA:5,0,0,1
BRDA:5,0,1,4
BRF:2
BRH:2
end_of_record
TN:
SF:middlewire\validateObjectId.js
FN:3,(anonymous_0)
FNF:1
FNH:1
FNDA:7,(anonymous_0)
DA:1,1
DA:3,1
DA:4,7
DA:5,7
DA:7,6
LF:5
LH:5
BRDA:5,0,0,1
BRDA:5,0,1,6
BRF:2
BRH:2
end_of_record
TN:
SF:models\authorModel.js
FN:23,validateAuthor
FNF:1
FNH:0
FNDA:0,validateAuthor
DA:1,1
DA:2,1
DA:4,1
DA:19,1
DA:24,0
DA:30,0
DA:35,1
DA:36,1
DA:37,1
LF:9
LH:7
BRF:0
BRH:0
end_of_record
TN:
SF:models\courseModel.js
FN:21,(anonymous_0)
FN:22,(anonymous_1)
FN:29,validateCourse
FNF:3
FNH:2
FNDA:0,(anonymous_0)
FNDA:10,(anonymous_1)
FNDA:5,validateCourse
DA:1,1
DA:3,1
DA:4,1
DA:6,1
DA:21,0
DA:22,10
DA:30,5
DA:38,5
DA:42,1
DA:43,1
LF:10
LH:9
BRF:0
BRH:0
end_of_record
TN:
SF:models\userModel.js
FN:23,(anonymous_0)
FN:31,validate
FN:42,validateLogin
FNF:3
FNH:1
FNDA:16,(anonymous_0)
FNDA:0,validate
FNDA:0,validateLogin
DA:1,2
DA:2,2
DA:3,2
DA:4,2
DA:5,2
DA:23,2
DA:24,16
DA:25,16
DA:29,2
DA:32,0
DA:38,0
DA:43,0
DA:47,0
DA:51,2
DA:52,2
DA:53,2
LF:16
LH:12
BRF:0
BRH:0
end_of_record
TN:
SF:routes\auth.js
FN:6,(anonymous_0)
FNF:1
FNH:0
FNDA:0,(anonymous_0)
DA:1,1
DA:2,1
DA:3,1
DA:4,1
DA:6,1
DA:7,0
DA:8,0
DA:11,0
DA:12,0
DA:14,0
DA:15,0
DA:17,0
DA:19,0
DA:24,1
LF:14
LH:6
BRDA:8,0,0,0
BRDA:8,0,1,0
BRDA:12,1,0,0
BRDA:12,1,1,0
BRDA:15,2,0,0
BRDA:15,2,1,0
BRF:6
BRH:0
end_of_record
TN:
SF:routes\authors.js
FN:7,(anonymous_0)
FN:13,(anonymous_1)
FNF:2
FNH:0
FNDA:0,(anonymous_0)
FNDA:0,(anonymous_1)
DA:1,1
DA:2,1
DA:3,1
DA:4,1
DA:7,1
DA:8,0
DA:9,0
DA:13,1
DA:17,0
DA:23,0
DA:24,0
DA:28,1
LF:12
LH:7
BRF:0
BRH:0
end_of_record
TN:
SF:routes\courses.js
FN:20,(anonymous_0)
FN:30,(anonymous_1)
FN:39,(anonymous_2)
FN:61,(anonymous_3)
FN:79,(anonymous_4)
FNF:5
FNH:5
FNDA:1,(anonymous_0)
FNDA:2,(anonymous_1)
FNDA:2,(anonymous_2)
FNDA:2,(anonymous_3)
FNDA:2,(anonymous_4)
DA:1,1
DA:3,1
DA:6,1
DA:7,1
DA:8,1
DA:11,1
DA:12,1
DA:13,1
DA:14,1
DA:20,1
DA:23,1
DA:26,1
DA:30,1
DA:33,2
DA:34,2
DA:35,1
DA:39,1
DA:46,2
DA:55,2
DA:56,2
DA:61,1
DA:64,2
DA:65,2
DA:68,1
DA:69,1
DA:70,1
DA:71,1
DA:72,1
DA:74,1
DA:75,1
DA:79,1
DA:81,2
DA:82,2
DA:83,1
DA:88,1
LF:35
LH:35
BRDA:34,0,0,1
BRDA:34,0,1,1
BRDA:65,1,0,1
BRDA:65,1,1,1
BRDA:82,2,0,1
BRDA:82,2,1,1
BRF:6
BRH:6
end_of_record
TN:
SF:routes\home.js
FN:5,(anonymous_0)
FNF:1
FNH:0
FNDA:0,(anonymous_0)
DA:1,1
DA:2,1
DA:5,1
DA:6,0
DA:9,1
LF:5
LH:4
BRF:0
BRH:0
end_of_record
TN:
SF:routes\users.js
FN:8,(anonymous_0)
FN:35,(anonymous_1)
FN:44,hashPassword
FNF:3
FNH:0
FNDA:0,(anonymous_0)
FNDA:0,(anonymous_1)
FNDA:0,hashPassword
DA:1,1
DA:2,1
DA:3,1
DA:4,1
DA:5,1
DA:6,1
DA:8,1
DA:9,0
DA:10,0
DA:13,0
DA:14,0
DA:16,0
DA:17,0
DA:18,0
DA:19,0
DA:22,0
DA:24,0
DA:27,0
DA:35,1
DA:36,0
DA:37,0
DA:45,0
DA:46,0
DA:47,0
DA:51,1
LF:25
LH:9
BRDA:10,0,0,0
BRDA:10,0,1,0
BRDA:14,1,0,0
BRDA:14,1,1,0
BRF:4
BRH:0
end_of_record
TN:
SF:startup\config.js
FN:2,(anonymous_0)
FNF:1
FNH:1
FNDA:1,(anonymous_0)
DA:1,1
DA:2,1
DA:4,1
DA:5,0
LF:4
LH:3
BRDA:4,0,0,0
BRDA:4,0,1,1
BRF:2
BRH:1
end_of_record
TN:
SF:startup\db.js
FN:4,(anonymous_0)
FN:12,(anonymous_1)
FNF:2
FNH:2
FNDA:1,(anonymous_0)
FNDA:1,(anonymous_1)
DA:1,1
DA:2,1
DA:3,1
DA:4,1
DA:6,1
DA:8,1
DA:12,1
DA:13,1
LF:8
LH:8
BRF:0
BRH:0
end_of_record
TN:
SF:startup\logging.js
FN:6,(anonymous_0)
FN:24,(anonymous_1)
FNF:2
FNH:1
FNDA:1,(anonymous_0)
FNDA:0,(anonymous_1)
DA:3,1
DA:4,1
DA:5,1
DA:6,1
DA:9,1
DA:16,1
DA:24,1
DA:25,0
LF:8
LH:7
BRF:0
BRH:0
end_of_record
TN:
SF:startup\routes.js
FN:12,(anonymous_0)
FNF:1
FNH:1
FNDA:1,(anonymous_0)
DA:1,1
DA:3,1
DA:6,1
DA:7,1
DA:8,1
DA:9,1
DA:10,1
DA:12,1
DA:16,1
DA:18,1
DA:19,1
DA:20,1
DA:21,1
DA:22,1
DA:23,1
LF:15
LH:15
BRF:0
BRH:0
end_of_record
TN:
SF:tests\factories\courseFactory.js
FN:2,create
FN:15,createMany
FN:28,data
FN:38,invalidData
FNF:4
FNH:4
FNDA:7,create
FNDA:1,createMany
FNDA:9,data
FNDA:1,invalidData
DA:1,1
DA:3,7
DA:12,7
DA:16,1
DA:29,9
DA:39,1
DA:48,1
DA:49,1
DA:50,1
DA:51,1
LF:10
LH:10
BRF:0
BRH:0
end_of_record
